2025-07-05 20:02:30,273 - start_server - INFO - 姝ｅㄥㄥ绔...
2025-07-05 20:02:51,446 - start_server - INFO - 姝ｅㄥㄥ绔...
2025-07-05 20:16:02,545 - start_server - INFO - 姝ｅㄥㄥ绔...
2025-07-05 20:29:07,380 - __main__ - INFO - 启动AI监控管理系统API服务，环境: development
2025-07-05 20:29:11,065 - app.core.events - INFO - 启动应用...
2025-07-05 20:29:11,067 - app.core.events - INFO - 已创建所需的目录
2025-07-05 20:29:11,071 - app.db.init_db - INFO - 数据库表创建完成
2025-07-05 20:29:11,484 - app.db.init_db - INFO - 创建超级管理员用户: Super
2025-07-05 20:29:11,492 - app.db.init_db - INFO - 为用户Super分配角色: 超级管理员
2025-07-05 20:29:11,890 - app.db.init_db - INFO - 创建管理员用户: Admin
2025-07-05 20:29:11,896 - app.db.init_db - INFO - 为用户Admin分配角色: 管理员
2025-07-05 20:29:12,301 - app.db.init_db - INFO - 创建普通用户: User
2025-07-05 20:29:12,307 - app.db.init_db - INFO - 为用户User分配角色: 普通用户
2025-07-05 20:29:12,307 - app.db.init_db - INFO - 初始数据创建完成
2025-07-05 20:29:12,308 - app.core.events - INFO - 数据库初始化完成
2025-07-05 20:29:12,308 - app.core.events - INFO - Redis未启用
2025-07-05 20:29:12,308 - app.ws.connection - INFO - WebSocket连接管理器已启动
2025-07-05 20:29:12,308 - app.ws.manager - INFO - WebSocket事件管理器已启动
2025-07-05 20:29:12,308 - app.core.events - INFO - 应用启动完成
2025-07-07 10:27:14,325 - reset_db - INFO - 开始重置数据库...
2025-07-07 10:27:14,326 - reset_db - INFO - 未找到现有数据库文件，将创建新数据库
2025-07-07 10:27:14,327 - reset_db - INFO - 确保上传目录存在...
2025-07-07 10:27:14,327 - reset_db - INFO - 创建头像上传目录: uploads\avatars
2025-07-07 10:27:14,327 - reset_db - INFO - 开始初始化新数据库...
2025-07-07 10:27:14,939 - app.db.init_db - INFO - 创建初始数据
2025-07-07 10:27:14,943 - app.db.init_db - INFO - 数据库表创建完成
2025-07-07 10:27:14,985 - app.db.init_db - INFO - 创建角色: 超级管理员
2025-07-07 10:27:14,991 - app.db.init_db - INFO - 创建角色: 管理员
2025-07-07 10:27:14,996 - app.db.init_db - INFO - 创建角色: 普通用户
2025-07-07 10:27:15,002 - app.db.init_db - INFO - 创建角色: 财务管理员
2025-07-07 10:27:15,008 - app.db.init_db - INFO - 创建角色: 数据分析师
2025-07-07 10:27:15,015 - app.db.init_db - INFO - 创建角色: 客服专员
2025-07-07 10:27:15,021 - app.db.init_db - INFO - 创建角色: 营销经理
2025-07-07 10:27:15,027 - app.db.init_db - INFO - 创建角色: 访客用户
2025-07-07 10:27:15,034 - app.db.init_db - INFO - 创建角色: 系统维护员
2025-07-07 10:27:15,040 - app.db.init_db - INFO - 创建角色: 项目经理
2025-07-07 10:27:15,503 - app.db.init_db - INFO - 创建超级管理员用户: Super
2025-07-07 10:27:15,517 - app.db.init_db - INFO - 为用户Super分配角色: 超级管理员
2025-07-07 10:27:15,929 - app.db.init_db - INFO - 创建管理员用户: Admin
2025-07-07 10:27:15,937 - app.db.init_db - INFO - 为用户Admin分配角色: 管理员
2025-07-07 10:27:16,312 - app.db.init_db - INFO - 创建普通用户: User
2025-07-07 10:27:16,320 - app.db.init_db - INFO - 为用户User分配角色: 普通用户
2025-07-07 10:27:16,321 - app.db.init_db - INFO - 初始数据创建完成
2025-07-07 10:27:16,321 - app.db.init_db - INFO - 初始数据创建完成
2025-07-07 10:27:16,321 - reset_db - INFO - 创建初始用户的头像目录...
2025-07-07 10:27:16,323 - reset_db - INFO - 为用户 Super 创建头像目录: uploads\avatars\userSIURm7i
2025-07-07 10:27:16,324 - reset_db - INFO - 为用户 Admin 创建头像目录: uploads\avatars\user2JQBWYF
2025-07-07 10:27:16,325 - reset_db - INFO - 为用户 User 创建头像目录: uploads\avatars\usereFIFTxK
2025-07-07 10:27:16,326 - reset_db - INFO - 数据库初始化完成
2025-07-07 10:27:16,326 - reset_db - INFO - 数据库重置完成，可以启动应用程序了
2025-07-07 10:27:16,326 - __main__ - INFO - 数据库重置完成
2025-07-07 10:27:16,327 - __main__ - INFO - 正在启动后端服务，地址: http://127.0.0.1:8000
2025-07-07 10:27:16,327 - __main__ - INFO - API文档地址: http://127.0.0.1:8000/docs
2025-07-07 10:27:19,746 - app.ws.manager - INFO - 注册事件处理器: monitor_status
2025-07-07 10:27:19,747 - app.ws.manager - INFO - 注册事件处理器: warning_new
2025-07-07 10:27:19,872 - app.utils.thread_pool - INFO - 线程池初始化完成，最大工作线程数: 80
2025-07-07 10:29:27,012 - app.ws.manager - INFO - 注册事件处理器: monitor_status
2025-07-07 10:29:27,013 - app.ws.manager - INFO - 注册事件处理器: warning_new
2025-07-07 10:29:27,144 - app.utils.thread_pool - INFO - 线程池初始化完成，最大工作线程数: 80
2025-07-07 10:29:27,484 - app.core.events - INFO - 启动应用...
2025-07-07 10:29:27,485 - app.core.events - INFO - 已创建所需的目录
2025-07-07 10:29:27,489 - app.db.init_db - INFO - 数据库表创建完成
2025-07-07 10:29:27,531 - app.db.init_db - INFO - 初始数据创建完成
2025-07-07 10:29:27,531 - app.core.events - INFO - 数据库初始化完成
2025-07-07 10:29:27,531 - app.core.events - INFO - Redis未启用
2025-07-07 10:29:27,532 - app.ws.connection - INFO - WebSocket连接管理器已启动
2025-07-07 10:29:27,532 - app.ws.manager - INFO - WebSocket事件管理器已启动
2025-07-07 10:29:45,293 - app.ws.manager - INFO - 注册事件处理器: monitor_status
2025-07-07 10:29:45,294 - app.ws.manager - INFO - 注册事件处理器: warning_new
2025-07-07 10:29:45,418 - app.utils.thread_pool - INFO - 线程池初始化完成，最大工作线程数: 80
2025-07-07 10:29:45,740 - app.core.events - INFO - 启动应用...
2025-07-07 10:29:45,742 - app.core.events - INFO - 已创建所需的目录
2025-07-07 10:29:45,745 - app.db.init_db - INFO - 数据库表创建完成
2025-07-07 10:29:45,782 - app.db.init_db - INFO - 初始数据创建完成
2025-07-07 10:29:45,782 - app.core.events - INFO - 数据库初始化完成
2025-07-07 10:29:45,782 - app.core.events - INFO - Redis未启用
2025-07-07 10:29:45,782 - app.ws.connection - INFO - WebSocket连接管理器已启动
2025-07-07 10:29:45,782 - app.ws.manager - INFO - WebSocket事件管理器已启动
2025-07-07 10:29:45,783 - app.core.events - WARNING - Redis连接池创建失败，将使用内存缓存
2025-07-07 10:29:45,783 - app.core.events - INFO - 创建上传目录...
2025-07-07 10:29:45,785 - app.core.events - INFO - 上传目录创建完成
2025-07-07 10:29:45,785 - app.core.events - INFO - 应用启动完成
2025-07-07 10:30:01,056 - app.core.events - INFO - 关闭应用...
2025-07-07 10:30:01,056 - app.ws.connection - INFO - WebSocket连接管理器已停止
2025-07-07 10:30:01,057 - app.ws.manager - INFO - WebSocket事件管理器已停止
2025-07-07 10:30:01,057 - app.utils.thread_pool - INFO - 线程池已关闭
2025-07-07 10:30:01,057 - app.core.events - INFO - 应用已关闭
2025-07-07 10:30:51,560 - reset_db - INFO - 开始重置数据库...
2025-07-07 10:30:51,560 - reset_db - INFO - 删除现有数据库文件: D:\Desktop\share\artdesign\monitor\backend\sql_app.db
2025-07-07 10:30:51,561 - __main__ - ERROR - 重置数据库失败: [WinError 32] 另一个程序正在使用此文件，进程无法访问。: 'D:\\Desktop\\share\\artdesign\\monitor\\backend\\sql_app.db'
2025-07-07 10:31:02,403 - reset_db - INFO - 开始重置数据库...
2025-07-07 10:31:02,404 - reset_db - INFO - 删除现有数据库文件: D:\Desktop\share\artdesign\monitor\backend\sql_app.db
2025-07-07 10:31:02,404 - __main__ - ERROR - 重置数据库失败: [WinError 32] 另一个程序正在使用此文件，进程无法访问。: 'D:\\Desktop\\share\\artdesign\\monitor\\backend\\sql_app.db'
2025-07-07 10:32:39,601 - __main__ - INFO - 正在启动后端服务，地址: http://127.0.0.1:8000
2025-07-07 10:32:39,602 - __main__ - INFO - API文档地址: http://127.0.0.1:8000/docs
2025-07-07 10:32:43,135 - app.ws.manager - INFO - 注册事件处理器: monitor_status
2025-07-07 10:32:43,135 - app.ws.manager - INFO - 注册事件处理器: warning_new
2025-07-07 10:32:43,267 - app.utils.thread_pool - INFO - 线程池初始化完成，最大工作线程数: 80
2025-07-07 10:32:43,611 - app.core.events - INFO - 启动应用...
2025-07-07 10:32:43,613 - app.core.events - INFO - 已创建所需的目录
2025-07-07 10:32:43,616 - app.db.init_db - INFO - 数据库表创建完成
2025-07-07 10:32:43,668 - app.db.init_db - INFO - 初始数据创建完成
2025-07-07 10:32:43,668 - app.core.events - INFO - 数据库初始化完成
2025-07-07 10:32:43,668 - app.core.events - INFO - Redis未启用
2025-07-07 10:32:43,668 - app.ws.connection - INFO - WebSocket连接管理器已启动
2025-07-07 10:32:43,668 - app.ws.manager - INFO - WebSocket事件管理器已启动
2025-07-07 10:32:43,669 - app.core.events - WARNING - Redis连接池创建失败，将使用内存缓存
2025-07-07 10:32:43,669 - app.core.events - INFO - 创建上传目录...
2025-07-07 10:32:43,670 - app.core.events - INFO - 上传目录创建完成
2025-07-07 10:32:43,671 - app.core.events - INFO - 应用启动完成
2025-07-07 10:33:12,535 - __main__ - INFO - 正在启动后端服务，地址: http://127.0.0.1:8000
2025-07-07 10:33:12,535 - __main__ - INFO - API文档地址: http://127.0.0.1:8000/docs
2025-07-07 10:33:15,842 - app.ws.manager - INFO - 注册事件处理器: monitor_status
2025-07-07 10:33:15,842 - app.ws.manager - INFO - 注册事件处理器: warning_new
2025-07-07 10:33:15,968 - app.utils.thread_pool - INFO - 线程池初始化完成，最大工作线程数: 80
2025-07-07 10:33:16,292 - app.core.events - INFO - 启动应用...
2025-07-07 10:33:16,294 - app.core.events - INFO - 已创建所需的目录
2025-07-07 10:33:16,296 - app.db.init_db - INFO - 数据库表创建完成
2025-07-07 10:33:16,333 - app.db.init_db - INFO - 初始数据创建完成
2025-07-07 10:33:16,333 - app.core.events - INFO - 数据库初始化完成
2025-07-07 10:33:16,334 - app.core.events - INFO - Redis未启用
2025-07-07 10:33:16,334 - app.ws.connection - INFO - WebSocket连接管理器已启动
2025-07-07 10:33:16,334 - app.ws.manager - INFO - WebSocket事件管理器已启动
2025-07-07 10:33:16,334 - app.core.events - WARNING - Redis连接池创建失败，将使用内存缓存
2025-07-07 10:33:16,334 - app.core.events - INFO - 创建上传目录...
2025-07-07 10:33:16,336 - app.core.events - INFO - 上传目录创建完成
2025-07-07 10:33:16,336 - app.core.events - INFO - 应用启动完成
2025-07-07 10:48:21,764 - app.core.events - INFO - 关闭应用...
2025-07-07 10:48:21,764 - app.ws.connection - INFO - WebSocket连接管理器已停止
2025-07-07 10:48:21,765 - app.ws.manager - INFO - WebSocket事件管理器已停止
2025-07-07 10:48:21,765 - app.utils.thread_pool - INFO - 线程池已关闭
2025-07-07 10:48:21,765 - app.core.events - INFO - 应用已关闭
2025-07-07 10:50:02,872 - __main__ - ERROR - 启动服务失败: <class 'OSError'> returned a result with an exception set
2025-07-07 10:58:07,084 - reset_db - INFO - 开始重置数据库...
2025-07-07 10:58:07,085 - reset_db - INFO - 未找到现有数据库文件，将创建新数据库
2025-07-07 10:58:07,085 - reset_db - INFO - 确保上传目录存在...
2025-07-07 10:58:07,086 - reset_db - INFO - 创建头像上传目录: uploads\avatars
2025-07-07 10:58:07,086 - reset_db - INFO - 开始初始化新数据库...
2025-07-07 10:58:07,723 - app.db.init_db - INFO - 创建初始数据
2025-07-07 10:58:07,727 - app.db.init_db - INFO - 数据库表创建完成
2025-07-07 10:58:07,758 - app.db.init_db - INFO - 创建角色: 超级管理员
2025-07-07 10:58:07,764 - app.db.init_db - INFO - 创建角色: 管理员
2025-07-07 10:58:07,770 - app.db.init_db - INFO - 创建角色: 普通用户
2025-07-07 10:58:07,777 - app.db.init_db - INFO - 创建角色: 财务管理员
2025-07-07 10:58:07,784 - app.db.init_db - INFO - 创建角色: 数据分析师
2025-07-07 10:58:07,790 - app.db.init_db - INFO - 创建角色: 客服专员
2025-07-07 10:58:07,797 - app.db.init_db - INFO - 创建角色: 营销经理
2025-07-07 10:58:07,803 - app.db.init_db - INFO - 创建角色: 访客用户
2025-07-07 10:58:07,810 - app.db.init_db - INFO - 创建角色: 系统维护员
2025-07-07 10:58:07,815 - app.db.init_db - INFO - 创建角色: 项目经理
2025-07-07 10:58:08,322 - app.db.init_db - INFO - 创建超级管理员用户: Super
2025-07-07 10:58:08,336 - app.db.init_db - INFO - 为用户Super分配角色: 超级管理员
2025-07-07 10:58:08,772 - app.db.init_db - INFO - 创建管理员用户: Admin
2025-07-07 10:58:08,780 - app.db.init_db - INFO - 为用户Admin分配角色: 管理员
2025-07-07 10:58:09,170 - app.db.init_db - INFO - 创建普通用户: User
2025-07-07 10:58:09,178 - app.db.init_db - INFO - 为用户User分配角色: 普通用户
2025-07-07 10:58:09,178 - app.db.init_db - INFO - 初始数据创建完成
2025-07-07 10:58:09,179 - app.db.init_db - INFO - 初始数据创建完成
2025-07-07 10:58:09,179 - reset_db - INFO - 创建初始用户的头像目录...
2025-07-07 10:58:09,181 - reset_db - INFO - 为用户 Super 创建头像目录: uploads\avatars\userb5xFX8a
2025-07-07 10:58:09,182 - reset_db - INFO - 为用户 Admin 创建头像目录: uploads\avatars\userTFMYlSE
2025-07-07 10:58:09,183 - reset_db - INFO - 为用户 User 创建头像目录: uploads\avatars\user8qd7IWl
2025-07-07 10:58:09,183 - reset_db - INFO - 数据库初始化完成
2025-07-07 10:58:09,183 - reset_db - INFO - 数据库重置完成，可以启动应用程序了
2025-07-07 10:58:09,184 - __main__ - INFO - 数据库重置完成
2025-07-07 10:58:09,184 - __main__ - INFO - 正在启动后端服务，地址: http://127.0.0.1:8000
2025-07-07 10:58:09,184 - __main__ - INFO - API文档地址: http://127.0.0.1:8000/docs
2025-07-07 10:59:17,421 - app.ws.manager - INFO - 注册事件处理器: monitor_status
2025-07-07 10:59:17,422 - app.ws.manager - INFO - 注册事件处理器: warning_new
2025-07-07 10:59:17,553 - app.utils.thread_pool - INFO - 线程池初始化完成，最大工作线程数: 80
2025-07-07 10:59:17,882 - app.core.events - INFO - 启动应用...
2025-07-07 10:59:17,884 - app.core.events - INFO - 已创建所需的目录
2025-07-07 10:59:17,887 - app.db.init_db - INFO - 数据库表创建完成
2025-07-07 10:59:17,922 - app.db.init_db - INFO - 初始数据创建完成
2025-07-07 10:59:17,923 - app.core.events - INFO - 数据库初始化完成
2025-07-07 10:59:17,923 - app.core.events - INFO - Redis未启用
2025-07-07 10:59:17,923 - app.ws.connection - INFO - WebSocket连接管理器已启动
2025-07-07 10:59:17,924 - app.ws.manager - INFO - WebSocket事件管理器已启动
2025-07-07 10:59:17,924 - app.core.events - WARNING - Redis连接池创建失败，将使用内存缓存
2025-07-07 10:59:17,924 - app.core.events - INFO - 创建上传目录...
2025-07-07 10:59:17,926 - app.core.events - INFO - 上传目录创建完成
2025-07-07 10:59:17,926 - app.core.events - INFO - 应用启动完成
2025-07-07 11:17:35,298 - app.core.events - INFO - 关闭应用...
2025-07-07 11:17:35,298 - app.ws.connection - INFO - WebSocket连接管理器已停止
2025-07-07 11:17:35,299 - app.ws.manager - INFO - WebSocket事件管理器已停止
2025-07-07 11:17:35,300 - app.utils.thread_pool - INFO - 线程池已关闭
2025-07-07 11:17:35,300 - app.core.events - INFO - 应用已关闭
2025-07-07 11:20:07,708 - __main__ - ERROR - 启动服务失败: <class 'OSError'> returned a result with an exception set
2025-07-07 12:00:08,665 - __main__ - INFO - 正在启动后端服务，地址: http://127.0.0.1:8000
2025-07-07 12:00:08,665 - __main__ - INFO - API文档地址: http://127.0.0.1:8000/docs
2025-07-07 12:00:12,170 - app.ws.manager - INFO - 注册事件处理器: monitor_status
2025-07-07 12:00:12,171 - app.ws.manager - INFO - 注册事件处理器: warning_new
2025-07-07 12:00:12,298 - app.utils.thread_pool - INFO - 线程池初始化完成，最大工作线程数: 80
2025-07-07 12:00:12,663 - app.core.events - INFO - 启动应用...
2025-07-07 12:00:12,665 - app.core.events - INFO - 已创建所需的目录
2025-07-07 12:00:12,668 - app.db.init_db - INFO - 数据库表创建完成
2025-07-07 12:00:12,711 - app.db.init_db - INFO - 初始数据创建完成
2025-07-07 12:00:12,712 - app.core.events - INFO - 数据库初始化完成
2025-07-07 12:00:12,712 - app.core.events - INFO - Redis未启用
2025-07-07 12:00:12,712 - app.ws.connection - INFO - WebSocket连接管理器已启动
2025-07-07 12:00:12,712 - app.ws.manager - INFO - WebSocket事件管理器已启动
2025-07-07 12:00:12,712 - app.core.events - WARNING - Redis连接池创建失败，将使用内存缓存
2025-07-07 12:00:12,712 - app.core.events - INFO - 创建上传目录...
2025-07-07 12:00:12,714 - app.core.events - INFO - 上传目录创建完成
2025-07-07 12:00:12,714 - app.core.events - INFO - 应用启动完成
2025-07-07 12:47:54,081 - app.core.events - INFO - 关闭应用...
2025-07-07 12:47:54,082 - app.ws.connection - INFO - WebSocket连接管理器已停止
2025-07-07 12:47:54,082 - app.ws.manager - INFO - WebSocket事件管理器已停止
2025-07-07 12:47:54,082 - app.utils.thread_pool - INFO - 线程池已关闭
2025-07-07 12:47:54,082 - app.core.events - INFO - 应用已关闭
2025-07-07 12:47:58,291 - app.ws.manager - INFO - 注册事件处理器: monitor_status
2025-07-07 12:47:58,292 - app.ws.manager - INFO - 注册事件处理器: warning_new
2025-07-07 12:47:58,415 - app.utils.thread_pool - INFO - 线程池初始化完成，最大工作线程数: 80
2025-07-07 12:47:58,747 - app.core.events - INFO - 启动应用...
2025-07-07 12:47:58,748 - app.core.events - INFO - 已创建所需的目录
2025-07-07 12:47:58,752 - app.db.init_db - INFO - 数据库表创建完成
2025-07-07 12:47:58,789 - app.db.init_db - INFO - 初始数据创建完成
2025-07-07 12:47:58,789 - app.core.events - INFO - 数据库初始化完成
2025-07-07 12:47:58,789 - app.core.events - INFO - Redis未启用
2025-07-07 12:47:58,790 - app.ws.connection - INFO - WebSocket连接管理器已启动
2025-07-07 12:47:58,790 - app.ws.manager - INFO - WebSocket事件管理器已启动
2025-07-07 12:47:58,790 - app.core.events - WARNING - Redis连接池创建失败，将使用内存缓存
2025-07-07 12:47:58,790 - app.core.events - INFO - 创建上传目录...
2025-07-07 12:47:58,792 - app.core.events - INFO - 上传目录创建完成
2025-07-07 12:47:58,792 - app.core.events - INFO - 应用启动完成
2025-07-07 12:48:41,052 - app.core.events - INFO - 关闭应用...
2025-07-07 12:48:41,053 - app.ws.connection - INFO - WebSocket连接管理器已停止
2025-07-07 12:48:41,053 - app.ws.manager - INFO - WebSocket事件管理器已停止
2025-07-07 12:48:41,053 - app.utils.thread_pool - INFO - 线程池已关闭
2025-07-07 12:48:41,054 - app.core.events - INFO - 应用已关闭
2025-07-07 12:48:45,112 - app.ws.manager - INFO - 注册事件处理器: monitor_status
2025-07-07 12:48:45,113 - app.ws.manager - INFO - 注册事件处理器: warning_new
2025-07-07 12:48:45,238 - app.utils.thread_pool - INFO - 线程池初始化完成，最大工作线程数: 80
2025-07-07 12:48:45,557 - app.core.events - INFO - 启动应用...
2025-07-07 12:48:45,559 - app.core.events - INFO - 已创建所需的目录
2025-07-07 12:48:45,563 - app.db.init_db - INFO - 数据库表创建完成
2025-07-07 12:48:45,601 - app.db.init_db - INFO - 初始数据创建完成
2025-07-07 12:48:45,601 - app.core.events - INFO - 数据库初始化完成
2025-07-07 12:48:45,601 - app.core.events - INFO - Redis未启用
2025-07-07 12:48:45,602 - app.ws.connection - INFO - WebSocket连接管理器已启动
2025-07-07 12:48:45,602 - app.ws.manager - INFO - WebSocket事件管理器已启动
2025-07-07 12:48:45,602 - app.core.events - WARNING - Redis连接池创建失败，将使用内存缓存
2025-07-07 12:48:45,602 - app.core.events - INFO - 创建上传目录...
2025-07-07 12:48:45,604 - app.core.events - INFO - 上传目录创建完成
2025-07-07 12:48:45,604 - app.core.events - INFO - 应用启动完成
2025-07-07 12:49:14,453 - app.core.events - INFO - 关闭应用...
2025-07-07 12:49:14,454 - app.ws.connection - INFO - WebSocket连接管理器已停止
2025-07-07 12:49:14,454 - app.ws.manager - INFO - WebSocket事件管理器已停止
2025-07-07 12:49:14,454 - app.utils.thread_pool - INFO - 线程池已关闭
2025-07-07 12:49:14,454 - app.core.events - INFO - 应用已关闭
2025-07-07 12:49:18,615 - app.ws.manager - INFO - 注册事件处理器: monitor_status
2025-07-07 12:49:18,616 - app.ws.manager - INFO - 注册事件处理器: warning_new
2025-07-07 12:49:18,740 - app.utils.thread_pool - INFO - 线程池初始化完成，最大工作线程数: 80
2025-07-07 12:49:19,112 - app.core.events - INFO - 启动应用...
2025-07-07 12:49:19,114 - app.core.events - INFO - 已创建所需的目录
2025-07-07 12:49:19,117 - app.db.init_db - INFO - 数据库表创建完成
2025-07-07 12:49:19,172 - app.db.init_db - INFO - 初始数据创建完成
2025-07-07 12:49:19,172 - app.core.events - INFO - 数据库初始化完成
2025-07-07 12:49:19,173 - app.core.events - INFO - Redis未启用
2025-07-07 12:49:19,173 - app.ws.connection - INFO - WebSocket连接管理器已启动
2025-07-07 12:49:19,173 - app.ws.manager - INFO - WebSocket事件管理器已启动
2025-07-07 12:49:19,173 - app.core.events - WARNING - Redis连接池创建失败，将使用内存缓存
2025-07-07 12:49:19,173 - app.core.events - INFO - 创建上传目录...
2025-07-07 12:49:19,175 - app.core.events - INFO - 上传目录创建完成
2025-07-07 12:49:19,175 - app.core.events - INFO - 应用启动完成
2025-07-07 12:49:45,118 - app.core.events - INFO - 关闭应用...
2025-07-07 12:49:45,119 - app.ws.connection - INFO - WebSocket连接管理器已停止
2025-07-07 12:49:45,119 - app.ws.manager - INFO - WebSocket事件管理器已停止
2025-07-07 12:49:45,119 - app.utils.thread_pool - INFO - 线程池已关闭
2025-07-07 12:49:45,119 - app.core.events - INFO - 应用已关闭
2025-07-07 12:49:49,105 - app.ws.manager - INFO - 注册事件处理器: monitor_status
2025-07-07 12:49:49,106 - app.ws.manager - INFO - 注册事件处理器: warning_new
2025-07-07 12:49:49,236 - app.utils.thread_pool - INFO - 线程池初始化完成，最大工作线程数: 80
2025-07-07 12:49:49,566 - app.core.events - INFO - 启动应用...
2025-07-07 12:49:49,568 - app.core.events - INFO - 已创建所需的目录
2025-07-07 12:49:49,571 - app.db.init_db - INFO - 数据库表创建完成
2025-07-07 12:49:49,612 - app.db.init_db - INFO - 初始数据创建完成
2025-07-07 12:49:49,613 - app.core.events - INFO - 数据库初始化完成
2025-07-07 12:49:49,613 - app.core.events - INFO - Redis未启用
2025-07-07 12:49:49,613 - app.ws.connection - INFO - WebSocket连接管理器已启动
2025-07-07 12:49:49,613 - app.ws.manager - INFO - WebSocket事件管理器已启动
2025-07-07 12:49:49,614 - app.core.events - WARNING - Redis连接池创建失败，将使用内存缓存
2025-07-07 12:49:49,614 - app.core.events - INFO - 创建上传目录...
2025-07-07 12:49:49,616 - app.core.events - INFO - 上传目录创建完成
2025-07-07 12:49:49,616 - app.core.events - INFO - 应用启动完成
2025-07-07 12:50:17,463 - app.core.events - INFO - 关闭应用...
2025-07-07 12:50:17,464 - app.ws.connection - INFO - WebSocket连接管理器已停止
2025-07-07 12:50:17,464 - app.ws.manager - INFO - WebSocket事件管理器已停止
2025-07-07 12:50:17,464 - app.utils.thread_pool - INFO - 线程池已关闭
2025-07-07 12:50:17,464 - app.core.events - INFO - 应用已关闭
2025-07-07 12:50:21,608 - app.ws.manager - INFO - 注册事件处理器: monitor_status
2025-07-07 12:50:21,609 - app.ws.manager - INFO - 注册事件处理器: warning_new
2025-07-07 12:50:21,735 - app.utils.thread_pool - INFO - 线程池初始化完成，最大工作线程数: 80
2025-07-07 12:50:22,056 - app.core.events - INFO - 启动应用...
2025-07-07 12:50:22,058 - app.core.events - INFO - 已创建所需的目录
2025-07-07 12:50:22,061 - app.db.init_db - INFO - 数据库表创建完成
2025-07-07 12:50:22,097 - app.db.init_db - INFO - 初始数据创建完成
2025-07-07 12:50:22,097 - app.core.events - INFO - 数据库初始化完成
2025-07-07 12:50:22,098 - app.core.events - INFO - Redis未启用
2025-07-07 12:50:22,098 - app.ws.connection - INFO - WebSocket连接管理器已启动
2025-07-07 12:50:22,098 - app.ws.manager - INFO - WebSocket事件管理器已启动
2025-07-07 12:50:22,098 - app.core.events - WARNING - Redis连接池创建失败，将使用内存缓存
2025-07-07 12:50:22,098 - app.core.events - INFO - 创建上传目录...
2025-07-07 12:50:22,100 - app.core.events - INFO - 上传目录创建完成
2025-07-07 12:50:22,100 - app.core.events - INFO - 应用启动完成
2025-07-07 13:19:45,857 - app.core.events - INFO - 关闭应用...
2025-07-07 13:19:45,858 - app.ws.connection - INFO - WebSocket连接管理器已停止
2025-07-07 13:19:45,858 - app.ws.manager - INFO - WebSocket事件管理器已停止
2025-07-07 13:19:45,858 - app.utils.thread_pool - INFO - 线程池已关闭
2025-07-07 13:19:45,859 - app.core.events - INFO - 应用已关闭
2025-07-07 13:19:50,802 - app.ws.manager - INFO - 注册事件处理器: monitor_status
2025-07-07 13:19:50,804 - app.ws.manager - INFO - 注册事件处理器: warning_new
2025-07-07 13:19:50,953 - app.utils.thread_pool - INFO - 线程池初始化完成，最大工作线程数: 80
2025-07-07 13:19:51,326 - app.core.events - INFO - 启动应用...
2025-07-07 13:19:51,328 - app.core.events - INFO - 已创建所需的目录
2025-07-07 13:19:51,333 - app.db.init_db - INFO - 数据库表创建完成
2025-07-07 13:19:51,381 - app.db.init_db - INFO - 初始数据创建完成
2025-07-07 13:19:51,381 - app.core.events - INFO - 数据库初始化完成
2025-07-07 13:19:51,382 - app.core.events - INFO - Redis未启用
2025-07-07 13:19:51,382 - app.ws.connection - INFO - WebSocket连接管理器已启动
2025-07-07 13:19:51,382 - app.ws.manager - INFO - WebSocket事件管理器已启动
2025-07-07 13:19:51,382 - app.core.events - WARNING - Redis连接池创建失败，将使用内存缓存
2025-07-07 13:19:51,382 - app.core.events - INFO - 创建上传目录...
2025-07-07 13:19:51,384 - app.core.events - INFO - 上传目录创建完成
2025-07-07 13:19:51,384 - app.core.events - INFO - 应用启动完成
2025-07-07 13:31:36,043 - app.core.events - INFO - 关闭应用...
2025-07-07 13:31:36,044 - app.ws.connection - INFO - WebSocket连接管理器已停止
2025-07-07 13:31:36,044 - app.ws.manager - INFO - WebSocket事件管理器已停止
2025-07-07 13:31:36,045 - app.utils.thread_pool - INFO - 线程池已关闭
2025-07-07 13:31:36,045 - app.core.events - INFO - 应用已关闭
2025-07-07 13:31:40,295 - app.ws.manager - INFO - 注册事件处理器: monitor_status
2025-07-07 13:31:40,296 - app.ws.manager - INFO - 注册事件处理器: warning_new
2025-07-07 13:31:40,421 - app.utils.thread_pool - INFO - 线程池初始化完成，最大工作线程数: 80
2025-07-07 13:31:40,744 - app.core.events - INFO - 启动应用...
2025-07-07 13:31:40,746 - app.core.events - INFO - 已创建所需的目录
2025-07-07 13:31:40,749 - app.db.init_db - INFO - 数据库表创建完成
2025-07-07 13:31:40,783 - app.db.init_db - INFO - 初始数据创建完成
2025-07-07 13:31:40,784 - app.core.events - INFO - 数据库初始化完成
2025-07-07 13:31:40,784 - app.core.events - INFO - Redis未启用
2025-07-07 13:31:40,784 - app.ws.connection - INFO - WebSocket连接管理器已启动
2025-07-07 13:31:40,784 - app.ws.manager - INFO - WebSocket事件管理器已启动
2025-07-07 13:31:40,784 - app.core.events - WARNING - Redis连接池创建失败，将使用内存缓存
2025-07-07 13:31:40,784 - app.core.events - INFO - 创建上传目录...
2025-07-07 13:31:40,786 - app.core.events - INFO - 上传目录创建完成
2025-07-07 13:31:40,786 - app.core.events - INFO - 应用启动完成
2025-07-07 13:32:06,956 - app.core.events - INFO - 关闭应用...
2025-07-07 13:32:06,957 - app.ws.connection - INFO - WebSocket连接管理器已停止
2025-07-07 13:32:06,957 - app.ws.manager - INFO - WebSocket事件管理器已停止
2025-07-07 13:32:06,957 - app.utils.thread_pool - INFO - 线程池已关闭
2025-07-07 13:32:06,957 - app.core.events - INFO - 应用已关闭
2025-07-07 13:32:11,066 - app.ws.manager - INFO - 注册事件处理器: monitor_status
2025-07-07 13:32:11,067 - app.ws.manager - INFO - 注册事件处理器: warning_new
2025-07-07 13:32:11,200 - app.utils.thread_pool - INFO - 线程池初始化完成，最大工作线程数: 80
2025-07-07 13:32:11,546 - app.core.events - INFO - 启动应用...
2025-07-07 13:32:11,548 - app.core.events - INFO - 已创建所需的目录
2025-07-07 13:32:11,551 - app.db.init_db - INFO - 数据库表创建完成
2025-07-07 13:32:11,588 - app.db.init_db - INFO - 初始数据创建完成
2025-07-07 13:32:11,589 - app.core.events - INFO - 数据库初始化完成
2025-07-07 13:32:11,589 - app.core.events - INFO - Redis未启用
2025-07-07 13:32:11,589 - app.ws.connection - INFO - WebSocket连接管理器已启动
2025-07-07 13:32:11,589 - app.ws.manager - INFO - WebSocket事件管理器已启动
2025-07-07 13:32:11,589 - app.core.events - WARNING - Redis连接池创建失败，将使用内存缓存
2025-07-07 13:32:11,590 - app.core.events - INFO - 创建上传目录...
2025-07-07 13:32:11,591 - app.core.events - INFO - 上传目录创建完成
2025-07-07 13:32:11,591 - app.core.events - INFO - 应用启动完成
